0 info it worked if it ends with ok
1 verbose cli [ '/usr/local/Cellar/node/6.3.0/bin/node',
1 verbose cli   '/usr/local/bin/npm',
1 verbose cli   'run',
1 verbose cli   'serve-api' ]
2 info using npm@3.10.3
3 info using node@v6.3.0
4 verbose run-script [ 'preserve-api', 'serve-api', 'postserve-api' ]
5 info lifecycle Leap@1.0.0~preserve-api: Leap@1.0.0
6 silly lifecycle Leap@1.0.0~preserve-api: no script for preserve-api, continuing
7 info lifecycle Leap@1.0.0~serve-api: Leap@1.0.0
8 verbose lifecycle Leap@1.0.0~serve-api: unsafe-perm in lifecycle true
9 verbose lifecycle Leap@1.0.0~serve-api: PATH: /usr/local/lib/node_modules/npm/bin/node-gyp-bin:/Users/samparl/Projects/node/Leap/node_modules/.bin:/usr/local/Cellar/node/6.3.0/bin:/Users/samparl/.rvm/gems/ruby-2.3.3/bin:/Users/samparl/.rvm/gems/ruby-2.3.3@global/bin:/Users/samparl/.rvm/rubies/ruby-2.3.3/bin:/usr/local/var/rbenv/shims:/usr/local/bin:/usr/bin:/bin:/usr/sbin:/sbin:/opt/X11/bin:/Users/samparl/.rvm/bin
10 verbose lifecycle Leap@1.0.0~serve-api: CWD: /Users/samparl/Projects/node/Leap
11 silly lifecycle Leap@1.0.0~serve-api: Args: [ '-c', 'cd api; node server.js' ]
12 silly lifecycle Leap@1.0.0~serve-api: Returned: code: 1  signal: null
13 info lifecycle Leap@1.0.0~serve-api: Failed to exec serve-api script
14 verbose stack Error: Leap@1.0.0 serve-api: `cd api; node server.js`
14 verbose stack Exit status 1
14 verbose stack     at EventEmitter.<anonymous> (/usr/local/lib/node_modules/npm/lib/utils/lifecycle.js:242:16)
14 verbose stack     at emitTwo (events.js:106:13)
14 verbose stack     at EventEmitter.emit (events.js:191:7)
14 verbose stack     at ChildProcess.<anonymous> (/usr/local/lib/node_modules/npm/lib/utils/spawn.js:40:14)
14 verbose stack     at emitTwo (events.js:106:13)
14 verbose stack     at ChildProcess.emit (events.js:191:7)
14 verbose stack     at maybeClose (internal/child_process.js:852:16)
14 verbose stack     at Process.ChildProcess._handle.onexit (internal/child_process.js:215:5)
15 verbose pkgid Leap@1.0.0
16 verbose cwd /Users/samparl/Projects/node/Leap
17 error Darwin 15.5.0
18 error argv "/usr/local/Cellar/node/6.3.0/bin/node" "/usr/local/bin/npm" "run" "serve-api"
19 error node v6.3.0
20 error npm  v3.10.3
21 error code ELIFECYCLE
22 error Leap@1.0.0 serve-api: `cd api; node server.js`
22 error Exit status 1
23 error Failed at the Leap@1.0.0 serve-api script 'cd api; node server.js'.
23 error Make sure you have the latest version of node.js and npm installed.
23 error If you do, this is most likely a problem with the Leap package,
23 error not with npm itself.
23 error Tell the author that this fails on your system:
23 error     cd api; node server.js
23 error You can get information on how to open an issue for this project with:
23 error     npm bugs Leap
23 error Or if that isn't available, you can get their info via:
23 error     npm owner ls Leap
23 error There is likely additional logging output above.
24 verbose exit [ 1, true ]
